#=#=#=#=#=#=#=#=#=#=#=#=#=#=#=#=#=#=#=#=#=#=#=#=#=#=#=#=#=#=#=#=#=#=#=#
# d2s Inverse Lithography Technology
# TrueMask® ILT - version ILT.2023.02, 2023-Dec-13 - build 23347.gf438a7dd7c
# 
# D2S Inc. - www.design2silicon.com - support@design2silicon.com
# Copyright D2S Inc., 2017-2023.  All rights reserved.
# D2S Inc. Proprietary and Trade Secret.
# D2S Inc. Proprietary and Confidential.
# 
# Covered by one or more patents: 
#   Information: http://design2silicon.com/patents.
# Other patents pending.
# 
# 
# ------------------------------------------------------
#  Some portions of this product suite may use
#  third-party code which is either open source
#  or purchased by D2S Inc. as a commercial product.
#  Certain of these packages may require notices to
#  be listed with the D2S Inc. copyright notice; these
#  are listed below.  Since others may not have this
#  requirement, this may not be a complete list.
#  More details of packages and their terms may
#  be found in the 'third_party/copyrights'
#  directory of this product installation and/or
#  in the purchase agreement for this product suite.
#  Where the terms require D2S Inc. to make source
#  code for a package available to our customers,
#  the source can be found in the 'third_party/src'
#  directory of this product installation.  In cases
#  where D2S Inc. has made modifications to the source,
#  both the unmodified and the modified versions
#  will be found there.
# ------------------------------------------------------
# 
# Some portions of this product suite may use some subsets
# of the NLopt package from MIT.  Most of NLopt is covered
# by the MIT license, but the 'luksan' subset is covered by
# the GNU LGPL, version 2.1, and is used by permission.
# A copy of all NLopt licenses is available in the
# third_party/copyrights directory of this installation.
# 
# D2S uses an slightly modified version of the NLopt package; full
# source code is for both the unmodified original and the modified
# version we use is available in the third_party/src directory
# of this installation.  The latest unmodified version of the source
# may also be found online at:
#    http://ab-initio.mit.edu/wiki/index.php/NLopt
# 
# A copy of Perl 5.22.0 is included in this release.  Perl is
# free software; source is included in the third_party/src directory of
# this installation and is also available online at http://www.perl.org and
# http://www.cpan.org.
# 
# Portions of this product suite may use D2S-modified Eigen
# version 3.0.4.  D2S-modified Eigen is used and distributed under
# the terms of the GNU Lesser General Public License, version 3.
# A copy of the license is included in the third_party/copyrights
# directory of this installation.  A copy of the source for
# D2S-modified Eigen is included in the third_party/src directory
# of this installation.  The original unmodified source for Eigen
# is also included in that directory and can be obtained online
# at http://eigen.tuxfamily.org.
# 
# Some portions of this product suite use Python® 3, version 3.9.16.
# ("Python" is a registered trademark of the Python Software Foundation.)
# 
# Python itself has not been modified; however, a number of extra
# opensource packages have been added to this version as listed in the
# table below.  None of these have been modified.  These are in addition
# to the standard Python modules.  Note that this list is subject to
# change without notice in future D2S product releases.
# 
# A tarkit containing the sources/wheels for this version of Python and all
# the additional packages can be found in the third_party/src directory
# of this product distribution.  Copyright/license info for the various
# packages are included in their respective installation kits.
# 
# Package                       Version
# --------------------          --------
# absl-py                       1.4.0
# alembic                       1.11.1
# ansiwrap                      0.8.4
# anyio                         3.7.0
# argon2-cffi                   21.3.0
# argon2-cffi-bindings          21.2.0
# arrow                         1.2.3
# asttokens                     2.2.1
# astunparse                    1.6.3
# attrs                         23.1.0
# backcall                      0.2.0
# beautifulsoup4                4.12.2
# bleach                        6.0.0
# cachetools                    5.3.1
# certifi                       2023.5.7
# cffi                          1.15.1
# charset-normalizer            3.1.0
# click                         8.1.3
# cloudpickle                   2.2.1
# cmaes                         0.9.1
# colorlog                      6.7.0
# comm                          0.1.3
# contourpy                     1.1.0
# cycler                        0.11.0
# debugpy                       1.6.7
# decorator                     5.1.1
# defusedxml                    0.7.1
# entrypoints                   0.4
# exceptiongroup                1.1.1
# executing                     1.2.0
# fastjsonschema                2.17.1
# flatbuffers                   23.5.26
# fonttools                     4.40.0
# fqdn                          1.5.1
# gast                          0.4.0
# google-auth                   2.21.0
# google-auth-oauthlib          1.0.0
# google-pasta                  0.2.0
# greenlet                      2.0.2
# grpcio                        1.56.0
# h5py                          3.9.0
# horovod                       0.28.1
# idna                          3.4
# importlib-metadata            6.7.0
# importlib-resources           5.12.0
# iniconfig                     2.0.0
# ipykernel                     6.23.3
# ipython                       8.14.0
# ipython-genutils              0.2.0
# ipywidgets                    8.0.6
# isoduration                   20.11.0
# jax                           0.4.13
# jedi                          0.18.2
# Jinja2                        3.1.2
# jsonpointer                   2.4
# jsonschema                    4.17.3
# jupyter                       1.0.0
# jupyter-console               6.6.3
# jupyter-events                0.6.3
# jupyter_client                8.3.0
# jupyter_core                  5.3.1
# jupyter_server                2.7.0
# jupyter_server_terminals      0.4.4
# jupyterlab-pygments           0.2.2
# jupyterlab-widgets            3.0.7
# keras                         2.12.0
# kiwisolver                    1.4.4
# libclang                      16.0.0
# Mako                          1.2.4
# Markdown                      3.4.3
# MarkupSafe                    2.1.3
# matplotlib                    3.7.1
# matplotlib-inline             0.1.6
# mistune                       3.0.1
# ml-dtypes                     0.2.0
# mpmath                        1.3.0
# nbclassic                     1.0.0
# nbclient                      0.8.0
# nbconvert                     7.6.0
# nbformat                      5.9.0
# nest-asyncio                  1.5.6
# notebook                      6.5.4
# notebook_shim                 0.2.3
# numpy                         1.23.5
# oauthlib                      3.2.2
# opencv-python                 4.7.0.72
# opt-einsum                    3.3.0
# optuna                        3.2.0
# overrides                     7.3.1
# packaging                     23.1
# pandas                        2.0.2
# pandocfilters                 1.5.0
# papermill                     2.4.0
# parso                         0.8.3
# patsy                         0.5.3
# pexpect                       4.8.0
# pickleshare                   0.7.5
# Pillow                        9.5.0
# pip                           23.1.2
# platformdirs                  3.8.0
# pluggy                        1.2.0
# ply                           3.11
# prometheus-client             0.17.0
# prompt-toolkit                3.0.38
# protobuf                      4.23.3
# psutil                        5.9.5
# ptyprocess                    0.7.0
# pure-eval                     0.2.2
# pyasn1                        0.5.0
# pyasn1-modules                0.3.0
# pycparser                     2.21
# pycrypto                      2.6.1
# pydot                         1.4.2
# Pygments                      2.15.1
# pyparsing                     3.1.0
# pyrsistent                    0.19.3
# pyspeedtest                   1.2.7
# pytest                        7.4.0
# python-dateutil               2.8.2
# python-json-logger            2.0.7
# pytz                          2023.3
# PyYAML                        6.0
# pyzmq                         25.1.0
# qtconsole                     5.4.3
# QtPy                          2.3.1
# requests                      2.31.0
# requests-oauthlib             1.3.1
# rfc3339-validator             0.1.4
# rfc3986-validator             0.1.1
# rsa                           4.9
# scipy                         1.11.0
# seaborn                       0.12.2
# Send2Trash                    1.8.2
# setuptools                    68.0.0
# six                           1.16.0
# sniffio                       1.3.0
# soupsieve                     2.4.1
# SQLAlchemy                    2.0.17
# stack-data                    0.6.2
# statsmodels                   0.14.0
# sympy                         1.12
# tenacity                      8.2.2
# tensorboard                   2.12.3
# tensorboard-data-server       0.7.1
# tensorflow                    2.12.0
# tensorflow-estimator          2.12.0
# tensorflow-io-gcs-filesystem  0.32.0
# termcolor                     2.3.0
# terminado                     0.17.1
# textwrap3                     0.9.2
# tinycss2                      1.2.1
# tomli                         2.0.1
# tornado                       6.3.2
# tqdm                          4.65.0
# traitlets                     5.9.0
# typing_extensions             4.6.3
# tzdata                        2023.3
# uri-template                  1.3.0
# urllib3                       1.26.16
# wcwidth                       0.2.6
# webcolors                     1.13
# webencodings                  0.5.1
# websocket-client              1.6.1
# Werkzeug                      2.3.6
# wheel                         0.40.0
# widgetsnbextension            4.0.7
# wrapt                         1.14.1
# zipp                          3.15.0
# 
# The version of Python3 included in this distribution includes
# matplotlib, which includes color specifications and designs
# developed by Cynthia Brewer (http://colorbrewer.org/).
# 
# Portions of this product suite use libquadmath, version 7.3.0.
# Libquadmath is licensed under the GNU LGPL.  A copy of this license is
# included in the "third_party/copyrights" directory of this installation.
# A copy of the source for libquadmath is included with the source
# for gcc 7.3.0, which can be found in the "third_party/src" directory
# of this installation.
# 
# Some portions of the product suite may be based in part on
# the work of the Qwt project (http://qwt.sf.net).  Source
# code is available in the third_party/src directory of this
# product distribution.
# 
# Portions of this product suite use the 'zlib' general purpose
# compression library, version 1.2.5.
#=#=#=#=#=#=#=#=#=#=#=#=#=#=#=#=#=#=#=#=#=#=#=#=#=#=#=#=#=#=#=#=#=#=#=#


#=#=#=#=#=#=#=#=#=#=#=#=#=#=#=#=#=#=#=#=#=#=#=#=#=#=#=#=#=#=#=#=#=#=#=#
# Starting at:
#    Fri 15 Dec 2023 12:23:26 PM EST
#    {ProgramStartEpoch|1702661006.168985782}
#
# Command and args:
#    "checktool" "summarize" "report" "-report_list_file" "intermediate/checker.reportlist" "-search_tag" "showCheckerError" "-replace_tag" "showCheckerWaferQTMError" "-remove_line_tags" "dummy" "-range" "20" "20"
#
# Initial working dir:
#    /mnt/storage_d2s/d2suser06/fermi/cdp-data/designs/11610
#
# Location of installation:
#    /mnt/storage_d2s/d2suser06/releases/ILT.2023.02.ilt-cdp43
#
# This log file is:
#    /mnt/storage_d2s/d2suser06/fermi/cdp-data/designs/11610/logs/check.summary/checktool.report.20_20_20.log
#
# Running on:
#     Host:        'big-0-8.local'.''
#     Current OS:   Linux/x86_64, 3.10.0-957.10.1.el7.x86_64 #1 SMP Mon Mar 18 15:06:45 UTC 2019
#                   CentOS 7.6
#     Uptime:       14d 19:48:46
#     Load Avg:     0.15, 0.12, 0.13
#     Process ID:   821079 (parent=820563)
#     RAM:          1,081,592,258,560
#     Vendor ID:    'GenuineIntel'
#     CPU Model:    'Intel(R) Xeon(R) CPU E5-2637 v4 @ 3.50GHz'
#     Hypervisor:   false
#     CPUs(Cores):  8
#     CPU affinity: .1234567
#             mask: 11111111
#             bits: 0-7
#
# Build information:
#   Program 'checktool':
#     nominally 'checktool'
#     release 'ILT.2023.02' ('ilt-cdp43')
#     build '23347.gf438a7dd7c' (2023-12-13 02:46:43 UTC)
#     by 'release'
#     settings 'gcc-11.3.0/opt/64'
#     debuggable? no
#     revision 'tags/ILT.2023.02.RC1.20231212.212240-0-gf438a7dd7cc98d964a791c8cd048ee18c7d9b728'
#     sandbox '/re/releases/candidates/ILT.2023.02/sandboxes/ILT.2023.02'
#     host 'build03' (x86_64)
#     system 'linux-x86_64' (Linux-3.10.0-957.21.3.el7.x86_64-x86_64-with-glibc2.17)
#     distribution 'centos 7.6'
#=#=#=#=#=#=#=#=#=#=#=#=#=#=#=#=#=#=#=#=#=#=#=#=#=#=#=#=#=#=#=#=#=#=#=#


#=#=#=#=#=#=#=#=#=#=#=#=#=#=#=#=#=#=#=#=#=#=#=#=#=#=#=#=#=#=#=#=#=#=#=#
# Environment variables (273 defined):
#     ARC="lx-amd64"
#     D2SINFO_DATE_HUMAN_FMT="+%F\x20(%a)\x20%T\x20%Z"
#     D2SINFO_DATE_SECS_FMT="+%s"
#     D2SINFO_EXIT_ARGV_ERROR_CODE="9"
#     D2SINFO_EXIT_ARGV_REQUEST_CODE="96"
#     D2SINFO_EXIT_BAD_EXCEPT_CODE="21"
#     D2SINFO_EXIT_BAD_INSTALL_CODE="17"
#     D2SINFO_EXIT_CPP_TERMINATE_CODE="20"
#     D2SINFO_EXIT_DATA_VERSION_CODE="18"
#     D2SINFO_EXIT_ERROR_CODE="2"
#     D2SINFO_EXIT_EXCEPT_CODE="6"
#     D2SINFO_EXIT_EXEC_CMD_FAIL_CODE="126"
#     D2SINFO_EXIT_EXEC_FAILURE_CODE="10"
#     D2SINFO_EXIT_FATAL_CODE="3"
#     D2SINFO_EXIT_GPU_FAULT_CODE="15"
#     D2SINFO_EXIT_GPU_RETRY_CODE="102"
#     D2SINFO_EXIT_INCORRECT_INIT_CODE="26"
#     D2SINFO_EXIT_INTERRUPT_CODE="4"
#     D2SINFO_EXIT_LOGIN_FAILURE_CODE="12"
#     D2SINFO_EXIT_LOG_OPEN_FAILED_CODE="8"
#     D2SINFO_EXIT_LOST_LICENSE_CODE="7"
#     D2SINFO_EXIT_NETWORK_CODE="28"
#     D2SINFO_EXIT_NODE_BROKEN_CODE="24"
#     D2SINFO_EXIT_NO_PERMISSION_CODE="23"
#     D2SINFO_EXIT_NO_WORK_CODE="97"
#     D2SINFO_EXIT_OK_CODE="0"
#     D2SINFO_EXIT_OUTPUT_MISSING_CODE="16"
#     D2SINFO_EXIT_OUT_OF_MEM_CODE="19"
#     D2SINFO_EXIT_PROTOCOL_ERROR_CODE="13"
#     D2SINFO_EXIT_QMASTER_CRASH_CODE="22"
#     D2SINFO_EXIT_Q_SUB_CODE="1"
#     D2SINFO_EXIT_Q_SUB_TWO_CODE="25"
#     D2SINFO_EXIT_RESOURCE_LIMIT_CODE="29"
#     D2SINFO_EXIT_RETRY_FLOW_CODE="101"
#     D2SINFO_EXIT_RETRY_NEEDED_CODE="98"
#     D2SINFO_EXIT_RETRY_PHASE_CODE="100"
#     D2SINFO_EXIT_RETRY_TASK_CODE="99"
#     D2SINFO_EXIT_SIGNAL_CODE="5"
#     D2SINFO_EXIT_SPAWN_CODE="30"
#     D2SINFO_EXIT_SYSTEM_SEGV_CODE="11"
#     D2SINFO_EXIT_TERMINATED_CODE="14"
#     D2SINFO_EXIT_THREAD_ERROR_CODE="27"
#     D2SINFO_EXIT_TIME_LIMIT_CODE="31"
#     D2SINFO_EXIT_VERIFY_FAILURE_CODE="65"
#     D2SINFO_EXIT_VM_LIMIT_RETRY_CODE="66"
#     D2SINFO_EXIT_WARNING_CODE="64"
#     D2SINFO_INSTALL_BIN3="/mnt/storage_d2s/d2suser06/releases/ILT.2023.02.ilt-cdp43/third_party/bin"
#     D2SINFO_INSTALL_BIN="/mnt/storage_d2s/d2suser06/releases/ILT.2023.02.ilt-cdp43/bin"
#     D2SINFO_INSTALL_DATA3="/mnt/storage_d2s/d2suser06/releases/ILT.2023.02.ilt-cdp43/third_party/data"
#     D2SINFO_INSTALL_DATA="/mnt/storage_d2s/d2suser06/releases/ILT.2023.02.ilt-cdp43/data"
#     D2SINFO_INSTALL_ETC3="/mnt/storage_d2s/d2suser06/releases/ILT.2023.02.ilt-cdp43/third_party/etc"
#     D2SINFO_INSTALL_ETC="/mnt/storage_d2s/d2suser06/releases/ILT.2023.02.ilt-cdp43/etc"
#     D2SINFO_INSTALL_LIB3="/mnt/storage_d2s/d2suser06/releases/ILT.2023.02.ilt-cdp43/third_party/lib"
#     D2SINFO_INSTALL_LIB="/mnt/storage_d2s/d2suser06/releases/ILT.2023.02.ilt-cdp43/lib"
#     D2SINFO_INSTALL_LIB_BASH="/mnt/storage_d2s/d2suser06/releases/ILT.2023.02.ilt-cdp43/lib/d2s.bash"
#     D2SINFO_INSTALL_LIB_CDP="/mnt/storage_d2s/d2suser06/releases/ILT.2023.02.ilt-cdp43/lib/d2s.cdp"
#     D2SINFO_INSTALL_LIB_MAKE="/mnt/storage_d2s/d2suser06/releases/ILT.2023.02.ilt-cdp43/lib/d2s.make"
#     D2SINFO_INSTALL_LIB_PERL="/mnt/storage_d2s/d2suser06/releases/ILT.2023.02.ilt-cdp43/lib/d2s.perl"
#     D2SINFO_INSTALL_LIB_PYTHON="/mnt/storage_d2s/d2suser06/releases/ILT.2023.02.ilt-cdp43/lib/d2s.python"
#     D2SINFO_INSTALL_LIB_TCL="/mnt/storage_d2s/d2suser06/releases/ILT.2023.02.ilt-cdp43/lib/d2s.tcl.tm"
#     D2SINFO_INSTALL_ROOT="/mnt/storage_d2s/d2suser06/releases/ILT.2023.02.ilt-cdp43"
#     D2SINFO_OS_FAMILY="centos"
#     D2S_CMD_ADDR2LINE="/usr/bin/addr2line"
#     D2S_CMD_APTITUDE="/usr/bin/aptitude"
#     D2S_CMD_APTITUDE_SHOWALL="/usr/bin/aptitude\x20-F\x20'%c%a%M%S\x20%40p\x20%35t\x20%55V'\x20-w\x20137\x20-O\x20'name,version'\x20search\x20'~i'"
#     D2S_CMD_AR="/usr/bin/ar"
#     D2S_CMD_ARP="/sbin/arp"
#     D2S_CMD_ARP_A="/sbin/arp\x20-a"
#     D2S_CMD_AWK="/bin/awk"
#     D2S_CMD_BASENAME="/bin/basename"
#     D2S_CMD_BASH="/bin/bash"
#     D2S_CMD_BLKID="/sbin/blkid"
#     D2S_CMD_BUNZIP2="/usr/bin/bunzip2"
#     D2S_CMD_BZIP2="/usr/bin/bzip2"
#     D2S_CMD_CAT="/bin/cat"
#     D2S_CMD_CHMOD="/bin/chmod"
#     D2S_CMD_CHOWN="/bin/chown"
#     D2S_CMD_CMP="/usr/bin/cmp"
#     D2S_CMD_COLUMN="/usr/bin/column"
#     D2S_CMD_CP="/bin/cp"
#     D2S_CMD_CPIO="/bin/cpio"
#     D2S_CMD_DATE="/bin/date"
#     D2S_CMD_DD="/bin/dd"
#     D2S_CMD_DF="/bin/df"
#     D2S_CMD_DIFF="/usr/bin/diff"
#     D2S_CMD_DIRNAME="/usr/bin/dirname"
#     D2S_CMD_DMESG="/bin/dmesg"
#     D2S_CMD_DU="/usr/bin/du"
#     D2S_CMD_ECHO="/bin/echo"
#     D2S_CMD_EGREP="/bin/egrep"
#     D2S_CMD_ENV="/usr/bin/env"
#     D2S_CMD_EP3="/mnt/storage_d2s/d2suser06/releases/ILT.2023.02.ilt-cdp43/third_party/bin/ep3\x20-line_comment\x20'_EP3_LINE_COMMENT_'\x20-start_comment\x20'_EP3_START_COMMENT_'\x20-end_comment\x20'_EP3_END_COMMENT_'\x20-nocomment\x20-protect"
#     D2S_CMD_FALSE="/bin/false"
#     D2S_CMD_FIND="/usr/bin/find"
#     D2S_CMD_FMT="/usr/bin/fmt"
#     D2S_CMD_FREE="/usr/bin/free"
#     D2S_CMD_FREE_MT="/usr/bin/free\x20-m\x20-t"
#     D2S_CMD_GNUPLOT="/usr/bin/gnuplot"
#     D2S_CMD_GREP="/bin/grep"
#     D2S_CMD_GUNZIP="/bin/gunzip"
#     D2S_CMD_GZIP="/bin/gzip"
#     D2S_CMD_HEAD="/usr/bin/head"
#     D2S_CMD_HOSTID="/usr/bin/hostid"
#     D2S_CMD_HOSTNAME="/bin/hostname"
#     D2S_CMD_ID="/usr/bin/id"
#     D2S_CMD_IFCONFIG_A="/sbin/ifconfig\x20-a"
#     D2S_CMD_IOSTAT="/usr/bin/iostat"
#     D2S_CMD_IOSTAT_DMN="/usr/bin/iostat\x20-m\x20-d\x20-n"
#     D2S_CMD_IP="/sbin/ip"
#     D2S_CMD_KILL="/bin/kill"
#     D2S_CMD_LDCONFIG="/sbin/ldconfig"
#     D2S_CMD_LDCONFIG_PRINT="/sbin/ldconfig\x20-p"
#     D2S_CMD_LESS="/usr/bin/less"
#     D2S_CMD_LN="/bin/ln"
#     D2S_CMD_LN_S="/bin/ln\x20-s"
#     D2S_CMD_LS="/bin/ls"
#     D2S_CMD_LSHAL="/usr/bin/lshal"
#     D2S_CMD_LSMOD="/sbin/lsmod"
#     D2S_CMD_MAKE="/usr/bin/make"
#     D2S_CMD_MD5SUM="/usr/bin/md5sum"
#     D2S_CMD_MKDIR="/bin/mkdir"
#     D2S_CMD_MKDIR_P="/bin/mkdir\x20-p"
#     D2S_CMD_MKFIFO="/usr/bin/mkfifo"
#     D2S_CMD_MORE="/usr/bin/less"
#     D2S_CMD_MOUNT="/bin/mount"
#     D2S_CMD_MV="/bin/mv"
#     D2S_CMD_NETSTAT="/bin/netstat"
#     D2S_CMD_NVIDIASMI="/usr/bin/nvidia-smi"
#     D2S_CMD_NVIDIASMI_A="/usr/bin/nvidia-smi\x20-a"
#     D2S_CMD_NVIDIASMI_L="/usr/bin/nvidia-smi\x20-L"
#     D2S_CMD_NVIDIASMI_Q="/usr/bin/nvidia-smi\x20-q"
#     D2S_CMD_OD="/usr/bin/od"
#     D2S_CMD_PERL="/mnt/storage_d2s/d2suser06/releases/ILT.2023.02.ilt-cdp43/third_party/bin/perl5.22.0"
#     D2S_CMD_PR="/usr/bin/pr"
#     D2S_CMD_PRINTENV="/usr/bin/printenv"
#     D2S_CMD_PRINTF="/usr/bin/printf"
#     D2S_CMD_PS="/bin/ps"
#     D2S_CMD_PS_EFF="/bin/ps\x20-ef\x20f"
#     D2S_CMD_PWD="/bin/pwd"
#     D2S_CMD_PYTHON3="/mnt/storage_d2s/d2suser06/releases/ILT.2023.02.ilt-cdp43/third_party/bin/python3.9"
#     D2S_CMD_READLINK="/usr/bin/readlink"
#     D2S_CMD_RM="/bin/rm"
#     D2S_CMD_RM_RF="/bin/rm\x20-rf"
#     D2S_CMD_RPM="/bin/rpm"
#     D2S_CMD_RPM_SHOWALL="/bin/rpm\x20-q\x20-a\x20--qf\x20'%{DISTRIBUTION}\x20==\x20%{NAME}-%{VERSION}-%{RELEASE}.%{ARCH}.rpm\x20==\x20%{INSTALLTIME:date}\x20==\x20%{SUMMARY}\x5cn'"
#     D2S_CMD_RSYNC="/usr/bin/rsync"
#     D2S_CMD_SCP="/usr/bin/scp"
#     D2S_CMD_SED="/bin/sed"
#     D2S_CMD_SEQ="/usr/bin/seq"
#     D2S_CMD_SGE_QDEL="/opt/gridengine/bin/lx-amd64/qdel"
#     D2S_CMD_SGE_QRSH="/opt/gridengine/bin/lx-amd64/qrsh"
#     D2S_CMD_SGE_QSTAT="/opt/gridengine/bin/lx-amd64/qstat"
#     D2S_CMD_SGE_QSTAT_U="/opt/gridengine/bin/lx-amd64/qstat\x20-u\x20\x5c*"
#     D2S_CMD_SGE_QSUB="/opt/gridengine/bin/lx-amd64/qsub"
#     D2S_CMD_SHA1SUM="/usr/bin/sha1sum"
#     D2S_CMD_SHA256SUM="/usr/bin/sha256sum"
#     D2S_CMD_SHA512SUM="/usr/bin/sha512sum"
#     D2S_CMD_SLEEP="/bin/sleep"
#     D2S_CMD_SMARTCTL="/usr/sbin/smartctl"
#     D2S_CMD_SORT="/bin/sort"
#     D2S_CMD_SSH="/usr/bin/ssh"
#     D2S_CMD_SU="/bin/su"
#     D2S_CMD_SUDO="/usr/bin/sudo"
#     D2S_CMD_SYMLINK="/bin/ln\x20-s"
#     D2S_CMD_TAIL="/usr/bin/tail"
#     D2S_CMD_TAR="/bin/tar"
#     D2S_CMD_TEE="/usr/bin/tee"
#     D2S_CMD_TIMEOUT="/usr/bin/timeout"
#     D2S_CMD_TOUCH="/bin/touch"
#     D2S_CMD_TR="/usr/bin/tr"
#     D2S_CMD_TRUE="/bin/true"
#     D2S_CMD_UNAME="/bin/uname"
#     D2S_CMD_VMSTAT="/usr/bin/vmstat"
#     D2S_CMD_VMSTAT_SM="/usr/bin/vmstat\x20-S\x20M"
#     D2S_CMD_WHICH="/usr/bin/which"
#     D2S_CMD_WHO="/usr/bin/who"
#     D2S_CMD_WHOAMI="/usr/bin/whoami"
#     D2S_CMD_XARGS="/usr/bin/xargs"
#     D2S_CMD_XMLLINT="/usr/bin/xmllint"
#     D2S_CMD_XXD="/usr/bin/xxd"
#     D2S_CMD_YUM="/usr/bin/yum"
#     D2S_CMD_YUM_SHOWALL="/usr/bin/yum\x20list\x20installed\x20--color=never"
#     D2S_ROOT_CMD_CHKCONFIG="/sbin/chkconfig"
#     D2S_ROOT_CMD_CHKCONFIG_LIST="/sbin/chkconfig\x20--list"
#     D2S_ROOT_CMD_DMIDECODE="/usr/sbin/dmidecode"
#     D2S_ROOT_CMD_FDISK="/sbin/fdisk"
#     D2S_ROOT_CMD_FDISK_L="/sbin/fdisk\x20-l"
#     D2S_ROOT_CMD_IPMITOOL="/usr/bin/ipmitool"
#     D2S_ROOT_CMD_IPTABLES="/sbin/iptables"
#     D2S_ROOT_CMD_IPTABLES_LIST="/sbin/iptables\x20--list"
#     D2S_ROOT_CMD_LSBLK="/bin/lsblk"
#     D2S_ROOT_CMD_LSCGROUP="/bin/lscgroup"
#     D2S_ROOT_CMD_LSCPU="/usr/bin/lscpu"
#     D2S_ROOT_CMD_LSOF="/usr/sbin/lsof"
#     D2S_ROOT_CMD_LSPCI="/sbin/lspci"
#     D2S_ROOT_CMD_LSPCMCIA="/sbin/lspcmcia"
#     D2S_ROOT_CMD_LSSCSI="/usr/bin/lsscsi"
#     D2S_ROOT_CMD_LSSUBSYS="/bin/lssubsys"
#     D2S_ROOT_CMD_LSTOPO_NO_GRAPHICS="/usr/bin/lstopo-no-graphics"
#     D2S_ROOT_CMD_LSUSB="/usr/bin/lsusb"
#     D2S_ROOT_CMD_MCELOG="/usr/sbin/mcelog"
#     D2S_ROOT_CMD_MDADM="/sbin/mdadm"
#     D2S_ROOT_CMD_PARTED="/sbin/parted"
#     D2S_ROOT_CMD_PARTED_LIST="/sbin/parted\x20--list"
#     D2S_ROOT_CMD_SERVICE="/sbin/service"
#     D2S_ROOT_CMD_SERVICE_LIST="/sbin/service\x20--status-all"
#     DISPLAY="localhost:25.0"
#     ENVIRONMENT="BATCH"
#     HISTSIZE="1000"
#     HOME="/home/d2suser06"
#     HOSTNAME="big-0-8.local"
#     JOB_ID="6731093"
#     JOB_NAME="topcell11610.z___"
#     JOB_SCRIPT="/bin/bash"
#     LANG="en_US.UTF-8"
#     LC_CTYPE="en_US.UTF-8"
#     LIBC_FATAL_STDERR_="1"
#     LOGNAME="d2susr06"
#     MAIL="/var/spool/mail/d2susr06"
#     NHOSTS="1"
#     NQUEUES="1"
#     NSLOTS="1"
#     PATH="/mnt/storage_d2s/d2suser06/releases/ILT.2023.02.ilt-cdp43/bin:/mnt/storage_d2s/d2suser06/releases/ILT.2023.02.ilt-cdp43/third_party/bin:/mnt/storage_d2s/d2suser06/releases/ILT.2023.02.ilt-cdp43/lib/d2s.bash:/mnt/storage_d2s/d2suser06/releases/ILT.2023.02.ilt-cdp43/lib/d2s.tcl.tm:/mnt/storage_d2s/d2suser06/releases/ILT.2023.02.ilt-cdp43/lib/d2s.python:/mnt/storage_d2s/d2suser06/releases/ILT.2023.02.ilt-cdp43/lib/d2s.perl:/mnt/storage_d2s/d2suser06/releases/ILT.2023.02.ilt-cdp43/lib/d2s.bash:/mnt/storage_d2s/d2suser06/releases/ILT.2023.02.ilt-cdp43/bin:/bin:/usr/bin:/sbin:/usr/sbin:/tmp/6731093.1.all.q:/mnt/storage_d2s/d2suser06/releases/ILT.2023.02.ilt-cdp43/third_party/bin:/mnt/storage_d2s/d2suser06/releases/ILT.2023.02.ilt-cdp43/lib/d2s.tcl.tm:/mnt/storage_d2s/d2suser06/releases/ILT.2023.02.ilt-cdp43/lib/d2s.python:/mnt/storage_d2s/d2suser06/releases/ILT.2023.02.ilt-cdp43/lib/d2s.perl:/mnt/storage_d2s/d2suser06/releases/ILT.2023.02.ilt-cdp43/noship.bin:/mnt/storage_d2s/d2suser06/releases/ILT.2023.02.ilt-cdp43/noship.third_party/bin:/opt/gridengine/bin/lx-amd64"
#     PWD="/mnt/storage_d2s/d2suser06/fermi/cdp-data/designs/11610"
#     QTDIR="/usr/lib64/qt-3.3"
#     QTINC="/usr/lib64/qt-3.3/include"
#     QTLIB="/usr/lib64/qt-3.3/lib"
#     QT_GRAPHICSSYSTEM_CHECKED="1"
#     QT_PLUGIN_PATH="/usr/lib64/kde4/plugins:/usr/lib/kde4/plugins"
#     QUEUE="all.q"
#     REQNAME="topcell11610.z___"
#     REQUEST="topcell11610.z___"
#     RESTARTED="0"
#     RLM_EXTENDED_ERROR_MESSAGES="1"
#     ROCKSROOT="/opt/rocks/share/devel"
#     ROCKS_ROOT="/opt/rocks"
#     ROLLSROOT="/opt/rocks/share/devel/src/roll"
#     SGE_ACCOUNT="sge"
#     SGE_ARCH="lx-amd64"
#     SGE_BINARY_PATH="/opt/gridengine/bin/lx-amd64"
#     SGE_CELL="default"
#     SGE_CWD_PATH="/mnt/storage_d2s/d2suser06/fermi/cdp-data/designs/11610"
#     SGE_EXECD_PORT="537"
#     SGE_JOB_SPOOL_DIR="/opt/gridengine/default/spool/big-0-8/active_jobs/6731093.1"
#     SGE_O_HOME="/home/d2suser06"
#     SGE_O_HOST="cdp38"
#     SGE_O_LOGNAME="d2susr06"
#     SGE_O_MAIL="/var/spool/mail/d2susr06"
#     SGE_O_PATH="/mnt/storage_d2s/d2suser06/releases/ILT.2023.02.ilt-cdp43/bin:/mnt/storage_d2s/d2suser06/releases/ILT.2023.02.ilt-cdp43/third_party/bin:/mnt/storage_d2s/d2suser06/releases/ILT.2023.02.ilt-cdp43/lib/d2s.bash:/mnt/storage_d2s/d2suser06/releases/ILT.2023.02.ilt-cdp43/lib/d2s.tcl.tm:/mnt/storage_d2s/d2suser06/releases/ILT.2023.02.ilt-cdp43/lib/d2s.python:/mnt/storage_d2s/d2suser06/releases/ILT.2023.02.ilt-cdp43/lib/d2s.perl:/mnt/storage_d2s/d2suser06/releases/ILT.2023.02.ilt-cdp43/bin:/bin:/usr/bin:/sbin:/usr/sbin:/mnt/storage_d2s/d2suser06/releases/ILT.2023.02.ilt-cdp43/third_party/bin:/mnt/storage_d2s/d2suser06/releases/ILT.2023.02.ilt-cdp43/noship.bin:/mnt/storage_d2s/d2suser06/releases/ILT.2023.02.ilt-cdp43/noship.third_party/bin:/opt/gridengine/bin/lx-amd64"
#     SGE_O_SHELL="/bin/bash"
#     SGE_O_WORKDIR="/mnt/storage_d2s/d2suser06/fermi/cdp-data/designs/11610"
#     SGE_QMASTER_PORT="536"
#     SGE_ROOT="/opt/gridengine"
#     SGE_STDERR_PATH="/mnt/storage_d2s/d2suser06/fermi/cdp-data/designs/11610/logs/qexec.topcell11610.z___"
#     SGE_STDIN_PATH="/dev/null"
#     SGE_STDOUT_PATH="/mnt/storage_d2s/d2suser06/fermi/cdp-data/designs/11610/logs/qexec.topcell11610.z___"
#     SGE_TASK_FIRST="undefined"
#     SGE_TASK_ID="undefined"
#     SGE_TASK_LAST="undefined"
#     SGE_TASK_STEPSIZE="undefined"
#     SHELL="/bin/sh"
#     SHLVL="3"
#     TCL_LIBRARY="/mnt/storage_d2s/d2suser06/releases/ILT.2023.02.ilt-cdp43/third_party/lib/tcl8.6"
#     TERM="xterm"
#     TMP="/tmp/6731093.1.all.q"
#     TMPDIR="/tmp/6731093.1.all.q"
#     USER="d2susr06"
#     XDG_DATA_DIRS="/home/d2suser06/.local/share/flatpak/exports/share:/var/lib/flatpak/exports/share:/usr/local/share:/usr/share"
#     XDG_RUNTIME_DIR="/run/user/42108"
#     XDG_SESSION_ID="15262"
#     _="/mnt/storage_d2s/d2suser06/releases/ILT.2023.02.ilt-cdp43/bin/checktool"
#     _STDBUF_E="0"
#     _STDBUF_O="0"
#=#=#=#=#=#=#=#=#=#=#=#=#=#=#=#=#=#=#=#=#=#=#=#=#=#=#=#=#=#=#=#=#=#=#=#


#####
# stats: main(): Started: 2023-12-15 (Fri) 12:23:26 EST
#####


----------------------------------------------------
Running summarize
----------------------------------------------------


----------------------------------------------------
Running report
----------------------------------------------------


----------------------------------------------------
Returning from report (exit 0)
----------------------------------------------------


----------------------------------------------------
Returning from summarize (exit 0)
----------------------------------------------------

#=#=#=#=#=#=#=#=#=#=#=#=#=#=#=#=#=#=#=#=#=#=#=#=#=#=#=#=#=#=#=#=#=#=#=#
#   total microsec                 my usec                 child usec          my count (1th file write)
        5362 total          13 ( 0.24%) me         5349 (99.75%) kids           1 count CheckTool_SummarizeReportArgs <-- CheckTool_Summarize
        5396 total          34 ( 0.63%) me         5362 (99.36%) kids           1 count CheckTool_Summarize <-- CheckTool_Main
        5480 total          84 ( 1.53%) me         5396 (98.46%) kids           1 count CheckTool_Main
        5349 total         231 ( 4.31%) me         5118 (95.68%) kids           1 count CheckTool_SummarizeReportExec <-- CheckTool_SummarizeReportArgs
        5118 total        5118 (  100%) me            0 (    0%) kids           1 count CheckTool_SummarizeLog <-- CheckTool_SummarizeReportExec
#=#=#=#=#=#=#=#=#=#=#=#=#=#=#=#=#=#=#=#=#=#=#=#=#=#=#=#=#=#=#=#=#=#=#=#

#####
# stats: main(): Ended: 2023-12-15 (Fri) 12:23:26 EST
# stats: main(): Duration: Real 0d 00:00:00.005726379; CPU 0d 00:00:00.003436478
# stats: main(): Virtual Memory: 3,585,277,952 peak (+0); 3,585,110,016 cur (+4,096)
# stats: main(): Resident Set Size: 123,924,480 peak (+266,240); 123,924,480 cur (+266,240)
#####



#=#=#=#=#=#=#=#=#=#=#=#=#=#=#=#=#=#=#=#=#=#=#=#=#=#=#=#=#=#=#=#=#=#=#=#
# Ending at:
#    Fri 15 Dec 2023 12:23:26 PM EST
#    {ProgramFinishEpoch|1702661006.17628991}
# Session Duration: 0 seconds
#
#
#   Session Messages Summary
#   Type       | Occurrences
#  ------------+-----------------
#   Fatal      | 0                 
#   Error      | 0                 
#   Warning    | 0                 
#   All Others | 10                
#  ------------+-----------------
#
#
# Exit code:
#    0 (success)
#    {ProgramExitCode|0}
#=#=#=#=#=#=#=#=#=#=#=#=#=#=#=#=#=#=#=#=#=#=#=#=#=#=#=#=#=#=#=#=#=#=#=#

